This file contains any messages produced by compilers while
running configure, to aid debugging if configure makes a mistake.

It was created by less configure 1, which was
generated by GNU Autoconf 2.69.  Invocation command line was

  $ ./configure --prefix=/usr --sysconfdir=/etc --mandir=/home/richard/debs/NONGIT/less/less-530/debian/less/usr/share/man --with-regex=gnu --with-editor=/usr/bin/editor

## --------- ##
## Platform. ##
## --------- ##

hostname = server
uname -m = x86_64
uname -r = 4.18.0-2-amd64
uname -s = Linux
uname -v = #1 SMP Debian 4.18.10-2 (2018-11-02)

/usr/bin/uname -p = unknown
/bin/uname -X     = unknown

/bin/arch              = unknown
/usr/bin/arch -k       = unknown
/usr/convex/getsysinfo = unknown
/usr/bin/hostinfo      = unknown
/bin/machine           = unknown
/usr/bin/oslevel       = unknown
/bin/universe          = unknown

PATH: /opt/intel/advisor/bin64
PATH: /opt/intel/vtune_amplifier/bin64
PATH: /opt/intel/inspector/bin64
PATH: /opt/intel/compilers_and_libraries/linux/pkg_bin/intel64
PATH: /opt/intel/compilers_and_libraries/linux/debugger/gdb/intel64/bin
PATH: /usr/sbin
PATH: /usr/bin
PATH: /sbin
PATH: /bin
PATH: /usr/bin/X11


## ----------- ##
## Core tests. ##
## ----------- ##

configure:2209: checking for gcc
configure:2236: result: icc
configure:2465: checking for C compiler version
configure:2474: icc --version >&5
icc (ICC) 19.0.1.144 20181018
Copyright (C) 1985-2018 Intel Corporation.  All rights reserved.

configure:2485: $? = 0
configure:2474: icc -v >&5
Memory region         Used Size  Region Size  %age Used
icc version 19.0.1.144 (gcc version 8.2.0 compatibility)
icc: warning #10013: no objects specified for multi-file optimization
ld    /usr/lib/gcc/x86_64-linux-gnu/8/../../../x86_64-linux-gnu/Scrt1.o /usr/lib/gcc/x86_64-linux-gnu/8/../../../x86_64-linux-gnu/crti.o /usr/lib/gcc/x86_64-linux-gnu/8/crtbeginS.o --eh-frame-hdr --build-id -dynamic-linker /lib64/ld-linux-x86-64.so.2 -m elf_x86_64 -o a.out -L/opt/intel/tbb/lib/intel64/gcc4.7 -L/opt/intel/compilers_and_libraries_2019.1.144/linux/compiler/lib/intel64_lin -L/usr/lib/gcc/x86_64-linux-gnu/8/ -L/usr/lib/gcc/x86_64-linux-gnu/8/../../../x86_64-linux-gnu/ -L/usr/lib/gcc/x86_64-linux-gnu/8/../../../../lib/ -L/lib/x86_64-linux-gnu/ -L/lib/../lib64 -L/lib/../lib/ -L/usr/lib/x86_64-linux-gnu/ -L/usr/lib/../lib/ -L/opt/intel/tbb/lib/intel64/gcc4.7/ -L/usr/lib/gcc/x86_64-linux-gnu/8/../../../ -L/lib64 -L/lib/ -L/usr/lib --as-needed --gc-sections --print-gc-sections --print-memory-usage --relax --stats -Bdynamic -Bstatic -limf -lsvml -lirng -lmatmul -Bdynamic -lm -Bstatic -lipgo -ldecimal -Bdynamic -liomp5 --as-needed -lcilkrts -lstdc++ --no-as-needed -lgcc -lgcc_s -Bstatic -lirc -Bdynamic -lpthread -Bstatic -lsvml -Bdynamic -lc -lgcc -lgcc_s -Bstatic -lirc_s -Bdynamic -ldl -lc /usr/lib/gcc/x86_64-linux-gnu/8/crtendS.o /usr/lib/gcc/x86_64-linux-gnu/8/../../../x86_64-linux-gnu/crtn.o
ld: removing unused section '.rodata.cst4' in file '/usr/lib/gcc/x86_64-linux-gnu/8/../../../x86_64-linux-gnu/Scrt1.o'
ld: removing unused section '.data' in file '/usr/lib/gcc/x86_64-linux-gnu/8/../../../x86_64-linux-gnu/Scrt1.o'
ld: /usr/lib/gcc/x86_64-linux-gnu/8/../../../x86_64-linux-gnu/Scrt1.o: in function `_start':
(.text+0x20): undefined reference to `main'
configure:2485: $? = 1
configure:2474: icc -V >&5
GNU ld (GNU Binutils for Debian) 2.31.1
Memory region         Used Size  Region Size  %age Used
Intel(R) C Intel(R) 64 Compiler for applications running on Intel(R) 64, Version 19.0.1.144 Build 20181018
Copyright (C) 1985-2018 Intel Corporation.  All rights reserved.

icc: warning #10013: no objects specified for multi-file optimization
ld: removing unused section '.rodata.cst4' in file '/usr/lib/gcc/x86_64-linux-gnu/8/../../../x86_64-linux-gnu/Scrt1.o'
ld: removing unused section '.data' in file '/usr/lib/gcc/x86_64-linux-gnu/8/../../../x86_64-linux-gnu/Scrt1.o'
ld: /usr/lib/gcc/x86_64-linux-gnu/8/../../../x86_64-linux-gnu/Scrt1.o: in function `_start':
(.text+0x20): undefined reference to `main'
configure:2485: $? = 1
configure:2474: icc -qversion >&5
Memory region         Used Size  Region Size  %age Used
icc: warning #10013: no objects specified for multi-file optimization
ld: removing unused section '.rodata.cst4' in file '/usr/lib/gcc/x86_64-linux-gnu/8/../../../x86_64-linux-gnu/Scrt1.o'
ld: removing unused section '.data' in file '/usr/lib/gcc/x86_64-linux-gnu/8/../../../x86_64-linux-gnu/Scrt1.o'
ld: /usr/lib/gcc/x86_64-linux-gnu/8/../../../x86_64-linux-gnu/Scrt1.o: in function `_start':
(.text+0x20): undefined reference to `main'
configure:2485: $? = 1
configure:2505: checking whether the C compiler works
configure:2527: icc -g -O2 -fdebug-prefix-map=/home/richard/debs/NONGIT/less/less-530=. -fstack-protector-strong -Wformat -Werror=format-security -march=native -pipe -Wall -Wdate-time -D_FORTIFY_SOURCE=2 -Wl,-z,relro -Wl,-z,now -Wl,--as-needed,--gc-sections,--print-gc-sections,--print-memory-usage,--stats conftest.c  >&5
ld: removing unused section '.rodata.cst4' in file '/usr/lib/gcc/x86_64-linux-gnu/8/../../../x86_64-linux-gnu/Scrt1.o'
ld: removing unused section '.data' in file '/usr/lib/gcc/x86_64-linux-gnu/8/../../../x86_64-linux-gnu/Scrt1.o'
Memory region         Used Size  Region Size  %age Used
ld: total time in link: 0.128638
configure:2531: $? = 0
configure:2579: result: yes
configure:2582: checking for C compiler default output file name
configure:2584: result: a.out
configure:2590: checking for suffix of executables
configure:2597: icc -o conftest -g -O2 -fdebug-prefix-map=/home/richard/debs/NONGIT/less/less-530=. -fstack-protector-strong -Wformat -Werror=format-security -march=native -pipe -Wall -Wdate-time -D_FORTIFY_SOURCE=2 -Wl,-z,relro -Wl,-z,now -Wl,--as-needed,--gc-sections,--print-gc-sections,--print-memory-usage,--stats conftest.c  >&5
ld: removing unused section '.rodata.cst4' in file '/usr/lib/gcc/x86_64-linux-gnu/8/../../../x86_64-linux-gnu/Scrt1.o'
ld: removing unused section '.data' in file '/usr/lib/gcc/x86_64-linux-gnu/8/../../../x86_64-linux-gnu/Scrt1.o'
Memory region         Used Size  Region Size  %age Used
ld: total time in link: 0.130783
configure:2601: $? = 0
configure:2623: result: 
configure:2645: checking whether we are cross compiling
configure:2653: icc -o conftest -g -O2 -fdebug-prefix-map=/home/richard/debs/NONGIT/less/less-530=. -fstack-protector-strong -Wformat -Werror=format-security -march=native -pipe -Wall -Wdate-time -D_FORTIFY_SOURCE=2 -Wl,-z,relro -Wl,-z,now -Wl,--as-needed,--gc-sections,--print-gc-sections,--print-memory-usage,--stats conftest.c  >&5
ld: removing unused section '.rodata.cst4' in file '/usr/lib/gcc/x86_64-linux-gnu/8/../../../x86_64-linux-gnu/Scrt1.o'
ld: removing unused section '.data' in file '/usr/lib/gcc/x86_64-linux-gnu/8/../../../x86_64-linux-gnu/Scrt1.o'
Memory region         Used Size  Region Size  %age Used
ld: total time in link: 0.128886
configure:2657: $? = 0
configure:2664: ./conftest
configure:2668: $? = 0
configure:2683: result: no
configure:2688: checking for suffix of object files
configure:2710: icc -c -g -O2 -fdebug-prefix-map=/home/richard/debs/NONGIT/less/less-530=. -fstack-protector-strong -Wformat -Werror=format-security -march=native -pipe -Wall -Wdate-time -D_FORTIFY_SOURCE=2 conftest.c >&5
configure:2714: $? = 0
configure:2735: result: o
configure:2739: checking whether we are using the GNU C compiler
configure:2758: icc -c -g -O2 -fdebug-prefix-map=/home/richard/debs/NONGIT/less/less-530=. -fstack-protector-strong -Wformat -Werror=format-security -march=native -pipe -Wall -Wdate-time -D_FORTIFY_SOURCE=2 conftest.c >&5
configure:2758: $? = 0
configure:2767: result: yes
configure:2776: checking whether icc accepts -g
configure:2796: icc -c -g -Wdate-time -D_FORTIFY_SOURCE=2 conftest.c >&5
configure:2796: $? = 0
configure:2837: result: yes
configure:2854: checking for icc option to accept ISO C89
configure:2917: icc  -c -g -O2 -fdebug-prefix-map=/home/richard/debs/NONGIT/less/less-530=. -fstack-protector-strong -Wformat -Werror=format-security -march=native -pipe -Wall -Wdate-time -D_FORTIFY_SOURCE=2 conftest.c >&5
configure:2917: $? = 0
configure:2930: result: none needed
configure:2951: checking for library containing strerror
configure:2982: icc -o conftest -g -O2 -fdebug-prefix-map=/home/richard/debs/NONGIT/less/less-530=. -fstack-protector-strong -Wformat -Werror=format-security -march=native -pipe -Wall -Wdate-time -D_FORTIFY_SOURCE=2 -Wl,-z,relro -Wl,-z,now -Wl,--as-needed,--gc-sections,--print-gc-sections,--print-memory-usage,--stats conftest.c  >&5
Memory region         Used Size  Region Size  %age Used
ld: removing unused section '.rodata.cst4' in file '/usr/lib/gcc/x86_64-linux-gnu/8/../../../x86_64-linux-gnu/Scrt1.o'
ld: removing unused section '.data' in file '/usr/lib/gcc/x86_64-linux-gnu/8/../../../x86_64-linux-gnu/Scrt1.o'
ld: total time in link: 0.130625
configure:2982: $? = 0
configure:2999: result: none required
configure:3012: checking how to run the C preprocessor
configure:3043: icc -E -Wdate-time -D_FORTIFY_SOURCE=2 conftest.c
configure:3043: $? = 0
configure:3057: icc -E -Wdate-time -D_FORTIFY_SOURCE=2 conftest.c
conftest.c(9): error #2379: cannot open source file "ac_nonexistent.h"
  #include <ac_nonexistent.h>
                             ^

configure:3057: $? = 2
configure: failed program was:
| /* confdefs.h */
| #define PACKAGE_NAME "less"
| #define PACKAGE_TARNAME "less"
| #define PACKAGE_VERSION "1"
| #define PACKAGE_STRING "less 1"
| #define PACKAGE_BUGREPORT ""
| #define PACKAGE_URL ""
| /* end confdefs.h.  */
| #include <ac_nonexistent.h>
configure:3082: result: icc -E
configure:3102: icc -E -Wdate-time -D_FORTIFY_SOURCE=2 conftest.c
configure:3102: $? = 0
configure:3116: icc -E -Wdate-time -D_FORTIFY_SOURCE=2 conftest.c
conftest.c(9): error #2379: cannot open source file "ac_nonexistent.h"
  #include <ac_nonexistent.h>
                             ^

configure:3116: $? = 2
configure: failed program was:
| /* confdefs.h */
| #define PACKAGE_NAME "less"
| #define PACKAGE_TARNAME "less"
| #define PACKAGE_VERSION "1"
| #define PACKAGE_STRING "less 1"
| #define PACKAGE_BUGREPORT ""
| #define PACKAGE_URL ""
| /* end confdefs.h.  */
| #include <ac_nonexistent.h>
configure:3145: checking for grep that handles long lines and -e
configure:3203: result: /bin/grep
configure:3208: checking for egrep
configure:3270: result: /bin/grep -E
configure:3276: checking whether icc needs -traditional
configure:3310: result: no
configure:3360: checking for a BSD-compatible install
configure:3428: result: /usr/bin/install -c
configure:3448: checking for special C compiler options needed for large files
configure:3493: result: no
configure:3499: checking for _FILE_OFFSET_BITS value needed for large files
configure:3524: icc -c -g -O2 -fdebug-prefix-map=/home/richard/debs/NONGIT/less/less-530=. -fstack-protector-strong -Wformat -Werror=format-security -march=native -pipe -Wall -Wdate-time -D_FORTIFY_SOURCE=2 conftest.c >&5
configure:3524: $? = 0
configure:3556: result: no
configure:3643: checking for tgoto in -ltinfo
configure:3668: icc -o conftest -g -O2 -fdebug-prefix-map=/home/richard/debs/NONGIT/less/less-530=. -fstack-protector-strong -Wformat -Werror=format-security -march=native -pipe -Wall -Wdate-time -D_FORTIFY_SOURCE=2 -Wl,-z,relro -Wl,-z,now -Wl,--as-needed,--gc-sections,--print-gc-sections,--print-memory-usage,--stats conftest.c -ltinfo   >&5
Memory region         Used Size  Region Size  %age Used
ld: removing unused section '.rodata.cst4' in file '/usr/lib/gcc/x86_64-linux-gnu/8/../../../x86_64-linux-gnu/Scrt1.o'
ld: removing unused section '.data' in file '/usr/lib/gcc/x86_64-linux-gnu/8/../../../x86_64-linux-gnu/Scrt1.o'
ld: total time in link: 0.135423
configure:3668: $? = 0
configure:3677: result: yes
configure:3685: checking for initscr in -lxcurses
configure:3710: icc -o conftest -g -O2 -fdebug-prefix-map=/home/richard/debs/NONGIT/less/less-530=. -fstack-protector-strong -Wformat -Werror=format-security -march=native -pipe -Wall -Wdate-time -D_FORTIFY_SOURCE=2 -Wl,-z,relro -Wl,-z,now -Wl,--as-needed,--gc-sections,--print-gc-sections,--print-memory-usage,--stats conftest.c -lxcurses   >&5
ld: cannot find -lxcurses
configure:3710: $? = 1
configure: failed program was:
| /* confdefs.h */
| #define PACKAGE_NAME "less"
| #define PACKAGE_TARNAME "less"
| #define PACKAGE_VERSION "1"
| #define PACKAGE_STRING "less 1"
| #define PACKAGE_BUGREPORT ""
| #define PACKAGE_URL ""
| /* end confdefs.h.  */
| 
| /* Override any GCC internal prototype to avoid an error.
|    Use char because int might match the return type of a GCC
|    builtin and then its argument prototype would still apply.  */
| #ifdef __cplusplus
| extern "C"
| #endif
| char initscr ();
| int
| main ()
| {
| return initscr ();
|   ;
|   return 0;
| }
configure:3719: result: no
configure:3727: checking for initscr in -lncursesw
configure:3752: icc -o conftest -g -O2 -fdebug-prefix-map=/home/richard/debs/NONGIT/less/less-530=. -fstack-protector-strong -Wformat -Werror=format-security -march=native -pipe -Wall -Wdate-time -D_FORTIFY_SOURCE=2 -Wl,-z,relro -Wl,-z,now -Wl,--as-needed,--gc-sections,--print-gc-sections,--print-memory-usage,--stats conftest.c -lncursesw   >&5
Memory region         Used Size  Region Size  %age Used
ld: removing unused section '.rodata.cst4' in file '/usr/lib/gcc/x86_64-linux-gnu/8/../../../x86_64-linux-gnu/Scrt1.o'
ld: removing unused section '.data' in file '/usr/lib/gcc/x86_64-linux-gnu/8/../../../x86_64-linux-gnu/Scrt1.o'
ld: total time in link: 0.155482
configure:3752: $? = 0
configure:3761: result: yes
configure:3769: checking for initscr in -lncurses
configure:3794: icc -o conftest -g -O2 -fdebug-prefix-map=/home/richard/debs/NONGIT/less/less-530=. -fstack-protector-strong -Wformat -Werror=format-security -march=native -pipe -Wall -Wdate-time -D_FORTIFY_SOURCE=2 -Wl,-z,relro -Wl,-z,now -Wl,--as-needed,--gc-sections,--print-gc-sections,--print-memory-usage,--stats conftest.c -lncurses   >&5
Memory region         Used Size  Region Size  %age Used
ld: removing unused section '.rodata.cst4' in file '/usr/lib/gcc/x86_64-linux-gnu/8/../../../x86_64-linux-gnu/Scrt1.o'
ld: removing unused section '.data' in file '/usr/lib/gcc/x86_64-linux-gnu/8/../../../x86_64-linux-gnu/Scrt1.o'
ld: total time in link: 0.218564
configure:3794: $? = 0
configure:3803: result: yes
configure:3811: checking for initscr in -lcurses
configure:3836: icc -o conftest -g -O2 -fdebug-prefix-map=/home/richard/debs/NONGIT/less/less-530=. -fstack-protector-strong -Wformat -Werror=format-security -march=native -pipe -Wall -Wdate-time -D_FORTIFY_SOURCE=2 -Wl,-z,relro -Wl,-z,now -Wl,--as-needed,--gc-sections,--print-gc-sections,--print-memory-usage,--stats conftest.c -lcurses   >&5
Memory region         Used Size  Region Size  %age Used
ld: removing unused section '.rodata.cst4' in file '/usr/lib/gcc/x86_64-linux-gnu/8/../../../x86_64-linux-gnu/Scrt1.o'
ld: removing unused section '.data' in file '/usr/lib/gcc/x86_64-linux-gnu/8/../../../x86_64-linux-gnu/Scrt1.o'
ld: total time in link: 0.218558
configure:3836: $? = 0
configure:3845: result: yes
configure:3853: checking for tgetent in -ltermcap
configure:3878: icc -o conftest -g -O2 -fdebug-prefix-map=/home/richard/debs/NONGIT/less/less-530=. -fstack-protector-strong -Wformat -Werror=format-security -march=native -pipe -Wall -Wdate-time -D_FORTIFY_SOURCE=2 -Wl,-z,relro -Wl,-z,now -Wl,--as-needed,--gc-sections,--print-gc-sections,--print-memory-usage,--stats conftest.c -ltermcap   >&5
Memory region         Used Size  Region Size  %age Used
ld: removing unused section '.rodata.cst4' in file '/usr/lib/gcc/x86_64-linux-gnu/8/../../../x86_64-linux-gnu/Scrt1.o'
ld: removing unused section '.data' in file '/usr/lib/gcc/x86_64-linux-gnu/8/../../../x86_64-linux-gnu/Scrt1.o'
ld: total time in link: 0.133521
configure:3878: $? = 0
configure:3887: result: yes
configure:3895: checking for tgetent in -ltermlib
configure:3920: icc -o conftest -g -O2 -fdebug-prefix-map=/home/richard/debs/NONGIT/less/less-530=. -fstack-protector-strong -Wformat -Werror=format-security -march=native -pipe -Wall -Wdate-time -D_FORTIFY_SOURCE=2 -Wl,-z,relro -Wl,-z,now -Wl,--as-needed,--gc-sections,--print-gc-sections,--print-memory-usage,--stats conftest.c -ltermlib   >&5
ld: cannot find -ltermlib
configure:3920: $? = 1
configure: failed program was:
| /* confdefs.h */
| #define PACKAGE_NAME "less"
| #define PACKAGE_TARNAME "less"
| #define PACKAGE_VERSION "1"
| #define PACKAGE_STRING "less 1"
| #define PACKAGE_BUGREPORT ""
| #define PACKAGE_URL ""
| /* end confdefs.h.  */
| 
| /* Override any GCC internal prototype to avoid an error.
|    Use char because int might match the return type of a GCC
|    builtin and then its argument prototype would still apply.  */
| #ifdef __cplusplus
| extern "C"
| #endif
| char tgetent ();
| int
| main ()
| {
| return tgetent ();
|   ;
|   return 0;
| }
configure:3929: result: no
configure:3939: checking for library containing regcmp
configure:3970: icc -o conftest -g -O2 -fdebug-prefix-map=/home/richard/debs/NONGIT/less/less-530=. -fstack-protector-strong -Wformat -Werror=format-security -march=native -pipe -Wall -Wdate-time -D_FORTIFY_SOURCE=2 -Wl,-z,relro -Wl,-z,now -Wl,--as-needed,--gc-sections,--print-gc-sections,--print-memory-usage,--stats conftest.c  >&5
Memory region         Used Size  Region Size  %age Used
ld: removing unused section '.rodata.cst4' in file '/usr/lib/gcc/x86_64-linux-gnu/8/../../../x86_64-linux-gnu/Scrt1.o'
ld: removing unused section '.data' in file '/usr/lib/gcc/x86_64-linux-gnu/8/../../../x86_64-linux-gnu/Scrt1.o'
ld: /tmp/ipo_iccyKcD4M.o: in function `main':
/home/richard/debs/NONGIT/less/less-530/conftest.c:20: undefined reference to `regcmp'
configure:3970: $? = 1
configure: failed program was:
| /* confdefs.h */
| #define PACKAGE_NAME "less"
| #define PACKAGE_TARNAME "less"
| #define PACKAGE_VERSION "1"
| #define PACKAGE_STRING "less 1"
| #define PACKAGE_BUGREPORT ""
| #define PACKAGE_URL ""
| /* end confdefs.h.  */
| 
| /* Override any GCC internal prototype to avoid an error.
|    Use char because int might match the return type of a GCC
|    builtin and then its argument prototype would still apply.  */
| #ifdef __cplusplus
| extern "C"
| #endif
| char regcmp ();
| int
| main ()
| {
| return regcmp ();
|   ;
|   return 0;
| }
configure:3970: icc -o conftest -g -O2 -fdebug-prefix-map=/home/richard/debs/NONGIT/less/less-530=. -fstack-protector-strong -Wformat -Werror=format-security -march=native -pipe -Wall -Wdate-time -D_FORTIFY_SOURCE=2 -Wl,-z,relro -Wl,-z,now -Wl,--as-needed,--gc-sections,--print-gc-sections,--print-memory-usage,--stats conftest.c -lgen   >&5
ld: cannot find -lgen
configure:3970: $? = 1
configure: failed program was:
| /* confdefs.h */
| #define PACKAGE_NAME "less"
| #define PACKAGE_TARNAME "less"
| #define PACKAGE_VERSION "1"
| #define PACKAGE_STRING "less 1"
| #define PACKAGE_BUGREPORT ""
| #define PACKAGE_URL ""
| /* end confdefs.h.  */
| 
| /* Override any GCC internal prototype to avoid an error.
|    Use char because int might match the return type of a GCC
|    builtin and then its argument prototype would still apply.  */
| #ifdef __cplusplus
| extern "C"
| #endif
| char regcmp ();
| int
| main ()
| {
| return regcmp ();
|   ;
|   return 0;
| }
configure:3970: icc -o conftest -g -O2 -fdebug-prefix-map=/home/richard/debs/NONGIT/less/less-530=. -fstack-protector-strong -Wformat -Werror=format-security -march=native -pipe -Wall -Wdate-time -D_FORTIFY_SOURCE=2 -Wl,-z,relro -Wl,-z,now -Wl,--as-needed,--gc-sections,--print-gc-sections,--print-memory-usage,--stats conftest.c -lintl   >&5
ld: cannot find -lintl
configure:3970: $? = 1
configure: failed program was:
| /* confdefs.h */
| #define PACKAGE_NAME "less"
| #define PACKAGE_TARNAME "less"
| #define PACKAGE_VERSION "1"
| #define PACKAGE_STRING "less 1"
| #define PACKAGE_BUGREPORT ""
| #define PACKAGE_URL ""
| /* end confdefs.h.  */
| 
| /* Override any GCC internal prototype to avoid an error.
|    Use char because int might match the return type of a GCC
|    builtin and then its argument prototype would still apply.  */
| #ifdef __cplusplus
| extern "C"
| #endif
| char regcmp ();
| int
| main ()
| {
| return regcmp ();
|   ;
|   return 0;
| }
configure:3970: icc -o conftest -g -O2 -fdebug-prefix-map=/home/richard/debs/NONGIT/less/less-530=. -fstack-protector-strong -Wformat -Werror=format-security -march=native -pipe -Wall -Wdate-time -D_FORTIFY_SOURCE=2 -Wl,-z,relro -Wl,-z,now -Wl,--as-needed,--gc-sections,--print-gc-sections,--print-memory-usage,--stats conftest.c -lPW   >&5
ld: cannot find -lPW
configure:3970: $? = 1
configure: failed program was:
| /* confdefs.h */
| #define PACKAGE_NAME "less"
| #define PACKAGE_TARNAME "less"
| #define PACKAGE_VERSION "1"
| #define PACKAGE_STRING "less 1"
| #define PACKAGE_BUGREPORT ""
| #define PACKAGE_URL ""
| /* end confdefs.h.  */
| 
| /* Override any GCC internal prototype to avoid an error.
|    Use char because int might match the return type of a GCC
|    builtin and then its argument prototype would still apply.  */
| #ifdef __cplusplus
| extern "C"
| #endif
| char regcmp ();
| int
| main ()
| {
| return regcmp ();
|   ;
|   return 0;
| }
configure:3987: result: no
configure:3997: checking for working terminal libraries
configure:4031: icc -o conftest -g -O2 -fdebug-prefix-map=/home/richard/debs/NONGIT/less/less-530=. -fstack-protector-strong -Wformat -Werror=format-security -march=native -pipe -Wall -Wdate-time -D_FORTIFY_SOURCE=2 -Wl,-z,relro -Wl,-z,now -Wl,--as-needed,--gc-sections,--print-gc-sections,--print-memory-usage,--stats conftest.c  -ltinfo >&5
Memory region         Used Size  Region Size  %age Used
conftest.c(13): warning #266: function "tgetent" declared implicitly
  tgetent(0,0); tgetflag(0); tgetnum(0); tgetstr(0,0);
  ^

conftest.c(13): warning #266: function "tgetflag" declared implicitly
  tgetent(0,0); tgetflag(0); tgetnum(0); tgetstr(0,0);
                ^

conftest.c(13): warning #266: function "tgetnum" declared implicitly
  tgetent(0,0); tgetflag(0); tgetnum(0); tgetstr(0,0);
                             ^

conftest.c(13): warning #266: function "tgetstr" declared implicitly
  tgetent(0,0); tgetflag(0); tgetnum(0); tgetstr(0,0);
                                         ^

ld: removing unused section '.rodata.cst4' in file '/usr/lib/gcc/x86_64-linux-gnu/8/../../../x86_64-linux-gnu/Scrt1.o'
ld: removing unused section '.data' in file '/usr/lib/gcc/x86_64-linux-gnu/8/../../../x86_64-linux-gnu/Scrt1.o'
ld: total time in link: 0.134569
configure:4031: $? = 0
configure:4254: result: using -ltinfo
configure:4259: checking for ANSI C header files
configure:4279: icc -c -g -O2 -fdebug-prefix-map=/home/richard/debs/NONGIT/less/less-530=. -fstack-protector-strong -Wformat -Werror=format-security -march=native -pipe -Wall -Wdate-time -D_FORTIFY_SOURCE=2 conftest.c >&5
configure:4279: $? = 0
configure:4352: icc -o conftest -g -O2 -fdebug-prefix-map=/home/richard/debs/NONGIT/less/less-530=. -fstack-protector-strong -Wformat -Werror=format-security -march=native -pipe -Wall -Wdate-time -D_FORTIFY_SOURCE=2 -Wl,-z,relro -Wl,-z,now -Wl,--as-needed,--gc-sections,--print-gc-sections,--print-memory-usage,--stats conftest.c  -ltinfo >&5
ld: removing unused section '.rodata.cst4' in file '/usr/lib/gcc/x86_64-linux-gnu/8/../../../x86_64-linux-gnu/Scrt1.o'
ld: removing unused section '.data' in file '/usr/lib/gcc/x86_64-linux-gnu/8/../../../x86_64-linux-gnu/Scrt1.o'
Memory region         Used Size  Region Size  %age Used
ld: total time in link: 0.131257
configure:4352: $? = 0
configure:4352: ./conftest
configure:4352: $? = 0
configure:4363: result: yes
configure:4376: checking for sys/types.h
configure:4376: icc -c -g -O2 -fdebug-prefix-map=/home/richard/debs/NONGIT/less/less-530=. -fstack-protector-strong -Wformat -Werror=format-security -march=native -pipe -Wall -Wdate-time -D_FORTIFY_SOURCE=2 conftest.c >&5
configure:4376: $? = 0
configure:4376: result: yes
configure:4376: checking for sys/stat.h
configure:4376: icc -c -g -O2 -fdebug-prefix-map=/home/richard/debs/NONGIT/less/less-530=. -fstack-protector-strong -Wformat -Werror=format-security -march=native -pipe -Wall -Wdate-time -D_FORTIFY_SOURCE=2 conftest.c >&5
configure:4376: $? = 0
configure:4376: result: yes
configure:4376: checking for stdlib.h
configure:4376: icc -c -g -O2 -fdebug-prefix-map=/home/richard/debs/NONGIT/less/less-530=. -fstack-protector-strong -Wformat -Werror=format-security -march=native -pipe -Wall -Wdate-time -D_FORTIFY_SOURCE=2 conftest.c >&5
configure:4376: $? = 0
configure:4376: result: yes
configure:4376: checking for string.h
configure:4376: icc -c -g -O2 -fdebug-prefix-map=/home/richard/debs/NONGIT/less/less-530=. -fstack-protector-strong -Wformat -Werror=format-security -march=native -pipe -Wall -Wdate-time -D_FORTIFY_SOURCE=2 conftest.c >&5
configure:4376: $? = 0
configure:4376: result: yes
configure:4376: checking for memory.h
configure:4376: icc -c -g -O2 -fdebug-prefix-map=/home/richard/debs/NONGIT/less/less-530=. -fstack-protector-strong -Wformat -Werror=format-security -march=native -pipe -Wall -Wdate-time -D_FORTIFY_SOURCE=2 conftest.c >&5
configure:4376: $? = 0
configure:4376: result: yes
configure:4376: checking for strings.h
configure:4376: icc -c -g -O2 -fdebug-prefix-map=/home/richard/debs/NONGIT/less/less-530=. -fstack-protector-strong -Wformat -Werror=format-security -march=native -pipe -Wall -Wdate-time -D_FORTIFY_SOURCE=2 conftest.c >&5
configure:4376: $? = 0
configure:4376: result: yes
configure:4376: checking for inttypes.h
configure:4376: icc -c -g -O2 -fdebug-prefix-map=/home/richard/debs/NONGIT/less/less-530=. -fstack-protector-strong -Wformat -Werror=format-security -march=native -pipe -Wall -Wdate-time -D_FORTIFY_SOURCE=2 conftest.c >&5
configure:4376: $? = 0
configure:4376: result: yes
configure:4376: checking for stdint.h
configure:4376: icc -c -g -O2 -fdebug-prefix-map=/home/richard/debs/NONGIT/less/less-530=. -fstack-protector-strong -Wformat -Werror=format-security -march=native -pipe -Wall -Wdate-time -D_FORTIFY_SOURCE=2 conftest.c >&5
configure:4376: $? = 0
configure:4376: result: yes
configure:4376: checking for unistd.h
configure:4376: icc -c -g -O2 -fdebug-prefix-map=/home/richard/debs/NONGIT/less/less-530=. -fstack-protector-strong -Wformat -Werror=format-security -march=native -pipe -Wall -Wdate-time -D_FORTIFY_SOURCE=2 conftest.c >&5
configure:4376: $? = 0
configure:4376: result: yes
configure:4391: checking ctype.h usability
configure:4391: icc -c -g -O2 -fdebug-prefix-map=/home/richard/debs/NONGIT/less/less-530=. -fstack-protector-strong -Wformat -Werror=format-security -march=native -pipe -Wall -Wdate-time -D_FORTIFY_SOURCE=2 conftest.c >&5
configure:4391: $? = 0
configure:4391: result: yes
configure:4391: checking ctype.h presence
configure:4391: icc -E -Wdate-time -D_FORTIFY_SOURCE=2 conftest.c
configure:4391: $? = 0
configure:4391: result: yes
configure:4391: checking for ctype.h
configure:4391: result: yes
configure:4391: checking errno.h usability
configure:4391: icc -c -g -O2 -fdebug-prefix-map=/home/richard/debs/NONGIT/less/less-530=. -fstack-protector-strong -Wformat -Werror=format-security -march=native -pipe -Wall -Wdate-time -D_FORTIFY_SOURCE=2 conftest.c >&5
configure:4391: $? = 0
configure:4391: result: yes
configure:4391: checking errno.h presence
configure:4391: icc -E -Wdate-time -D_FORTIFY_SOURCE=2 conftest.c
configure:4391: $? = 0
configure:4391: result: yes
configure:4391: checking for errno.h
configure:4391: result: yes
configure:4391: checking fcntl.h usability
configure:4391: icc -c -g -O2 -fdebug-prefix-map=/home/richard/debs/NONGIT/less/less-530=. -fstack-protector-strong -Wformat -Werror=format-security -march=native -pipe -Wall -Wdate-time -D_FORTIFY_SOURCE=2 conftest.c >&5
configure:4391: $? = 0
configure:4391: result: yes
configure:4391: checking fcntl.h presence
configure:4391: icc -E -Wdate-time -D_FORTIFY_SOURCE=2 conftest.c
configure:4391: $? = 0
configure:4391: result: yes
configure:4391: checking for fcntl.h
configure:4391: result: yes
configure:4391: checking limits.h usability
configure:4391: icc -c -g -O2 -fdebug-prefix-map=/home/richard/debs/NONGIT/less/less-530=. -fstack-protector-strong -Wformat -Werror=format-security -march=native -pipe -Wall -Wdate-time -D_FORTIFY_SOURCE=2 conftest.c >&5
configure:4391: $? = 0
configure:4391: result: yes
configure:4391: checking limits.h presence
configure:4391: icc -E -Wdate-time -D_FORTIFY_SOURCE=2 conftest.c
configure:4391: $? = 0
configure:4391: result: yes
configure:4391: checking for limits.h
configure:4391: result: yes
configure:4391: checking stdio.h usability
configure:4391: icc -c -g -O2 -fdebug-prefix-map=/home/richard/debs/NONGIT/less/less-530=. -fstack-protector-strong -Wformat -Werror=format-security -march=native -pipe -Wall -Wdate-time -D_FORTIFY_SOURCE=2 conftest.c >&5
configure:4391: $? = 0
configure:4391: result: yes
configure:4391: checking stdio.h presence
configure:4391: icc -E -Wdate-time -D_FORTIFY_SOURCE=2 conftest.c
configure:4391: $? = 0
configure:4391: result: yes
configure:4391: checking for stdio.h
configure:4391: result: yes
configure:4391: checking for stdlib.h
configure:4391: result: yes
configure:4391: checking for string.h
configure:4391: result: yes
configure:4391: checking termcap.h usability
configure:4391: icc -c -g -O2 -fdebug-prefix-map=/home/richard/debs/NONGIT/less/less-530=. -fstack-protector-strong -Wformat -Werror=format-security -march=native -pipe -Wall -Wdate-time -D_FORTIFY_SOURCE=2 conftest.c >&5
configure:4391: $? = 0
configure:4391: result: yes
configure:4391: checking termcap.h presence
configure:4391: icc -E -Wdate-time -D_FORTIFY_SOURCE=2 conftest.c
configure:4391: $? = 0
configure:4391: result: yes
configure:4391: checking for termcap.h
configure:4391: result: yes
configure:4391: checking termio.h usability
configure:4391: icc -c -g -O2 -fdebug-prefix-map=/home/richard/debs/NONGIT/less/less-530=. -fstack-protector-strong -Wformat -Werror=format-security -march=native -pipe -Wall -Wdate-time -D_FORTIFY_SOURCE=2 conftest.c >&5
configure:4391: $? = 0
configure:4391: result: yes
configure:4391: checking termio.h presence
configure:4391: icc -E -Wdate-time -D_FORTIFY_SOURCE=2 conftest.c
configure:4391: $? = 0
configure:4391: result: yes
configure:4391: checking for termio.h
configure:4391: result: yes
configure:4391: checking termios.h usability
configure:4391: icc -c -g -O2 -fdebug-prefix-map=/home/richard/debs/NONGIT/less/less-530=. -fstack-protector-strong -Wformat -Werror=format-security -march=native -pipe -Wall -Wdate-time -D_FORTIFY_SOURCE=2 conftest.c >&5
configure:4391: $? = 0
configure:4391: result: yes
configure:4391: checking termios.h presence
configure:4391: icc -E -Wdate-time -D_FORTIFY_SOURCE=2 conftest.c
configure:4391: $? = 0
configure:4391: result: yes
configure:4391: checking for termios.h
configure:4391: result: yes
configure:4391: checking time.h usability
configure:4391: icc -c -g -O2 -fdebug-prefix-map=/home/richard/debs/NONGIT/less/less-530=. -fstack-protector-strong -Wformat -Werror=format-security -march=native -pipe -Wall -Wdate-time -D_FORTIFY_SOURCE=2 conftest.c >&5
configure:4391: $? = 0
configure:4391: result: yes
configure:4391: checking time.h presence
configure:4391: icc -E -Wdate-time -D_FORTIFY_SOURCE=2 conftest.c
configure:4391: $? = 0
configure:4391: result: yes
configure:4391: checking for time.h
configure:4391: result: yes
configure:4391: checking for unistd.h
configure:4391: result: yes
configure:4391: checking values.h usability
configure:4391: icc -c -g -O2 -fdebug-prefix-map=/home/richard/debs/NONGIT/less/less-530=. -fstack-protector-strong -Wformat -Werror=format-security -march=native -pipe -Wall -Wdate-time -D_FORTIFY_SOURCE=2 conftest.c >&5
configure:4391: $? = 0
configure:4391: result: yes
configure:4391: checking values.h presence
configure:4391: icc -E -Wdate-time -D_FORTIFY_SOURCE=2 conftest.c
configure:4391: $? = 0
configure:4391: result: yes
configure:4391: checking for values.h
configure:4391: result: yes
configure:4391: checking sys/ioctl.h usability
configure:4391: icc -c -g -O2 -fdebug-prefix-map=/home/richard/debs/NONGIT/less/less-530=. -fstack-protector-strong -Wformat -Werror=format-security -march=native -pipe -Wall -Wdate-time -D_FORTIFY_SOURCE=2 conftest.c >&5
configure:4391: $? = 0
configure:4391: result: yes
configure:4391: checking sys/ioctl.h presence
configure:4391: icc -E -Wdate-time -D_FORTIFY_SOURCE=2 conftest.c
configure:4391: $? = 0
configure:4391: result: yes
configure:4391: checking for sys/ioctl.h
configure:4391: result: yes
configure:4391: checking sys/stream.h usability
configure:4391: icc -c -g -O2 -fdebug-prefix-map=/home/richard/debs/NONGIT/less/less-530=. -fstack-protector-strong -Wformat -Werror=format-security -march=native -pipe -Wall -Wdate-time -D_FORTIFY_SOURCE=2 conftest.c >&5
conftest.c(66): catastrophic error: cannot open source file "sys/stream.h"
  #include <sys/stream.h>
                         ^

compilation aborted for conftest.c (code 4)
configure:4391: $? = 4
configure: failed program was:
| /* confdefs.h */
| #define PACKAGE_NAME "less"
| #define PACKAGE_TARNAME "less"
| #define PACKAGE_VERSION "1"
| #define PACKAGE_STRING "less 1"
| #define PACKAGE_BUGREPORT ""
| #define PACKAGE_URL ""
| #define STDC_HEADERS 1
| #define HAVE_SYS_TYPES_H 1
| #define HAVE_SYS_STAT_H 1
| #define HAVE_STDLIB_H 1
| #define HAVE_STRING_H 1
| #define HAVE_MEMORY_H 1
| #define HAVE_STRINGS_H 1
| #define HAVE_INTTYPES_H 1
| #define HAVE_STDINT_H 1
| #define HAVE_UNISTD_H 1
| #define HAVE_CTYPE_H 1
| #define HAVE_ERRNO_H 1
| #define HAVE_FCNTL_H 1
| #define HAVE_LIMITS_H 1
| #define HAVE_STDIO_H 1
| #define HAVE_STDLIB_H 1
| #define HAVE_STRING_H 1
| #define HAVE_TERMCAP_H 1
| #define HAVE_TERMIO_H 1
| #define HAVE_TERMIOS_H 1
| #define HAVE_TIME_H 1
| #define HAVE_UNISTD_H 1
| #define HAVE_VALUES_H 1
| #define HAVE_SYS_IOCTL_H 1
| /* end confdefs.h.  */
| #include <stdio.h>
| #ifdef HAVE_SYS_TYPES_H
| # include <sys/types.h>
| #endif
| #ifdef HAVE_SYS_STAT_H
| # include <sys/stat.h>
| #endif
| #ifdef STDC_HEADERS
| # include <stdlib.h>
| # include <stddef.h>
| #else
| # ifdef HAVE_STDLIB_H
| #  include <stdlib.h>
| # endif
| #endif
| #ifdef HAVE_STRING_H
| # if !defined STDC_HEADERS && defined HAVE_MEMORY_H
| #  include <memory.h>
| # endif
| # include <string.h>
| #endif
| #ifdef HAVE_STRINGS_H
| # include <strings.h>
| #endif
| #ifdef HAVE_INTTYPES_H
| # include <inttypes.h>
| #endif
| #ifdef HAVE_STDINT_H
| # include <stdint.h>
| #endif
| #ifdef HAVE_UNISTD_H
| # include <unistd.h>
| #endif
| #include <sys/stream.h>
configure:4391: result: no
configure:4391: checking sys/stream.h presence
configure:4391: icc -E -Wdate-time -D_FORTIFY_SOURCE=2 conftest.c
conftest.c(33): error #2379: cannot open source file "sys/stream.h"
  #include <sys/stream.h>
                         ^

configure:4391: $? = 2
configure: failed program was:
| /* confdefs.h */
| #define PACKAGE_NAME "less"
| #define PACKAGE_TARNAME "less"
| #define PACKAGE_VERSION "1"
| #define PACKAGE_STRING "less 1"
| #define PACKAGE_BUGREPORT ""
| #define PACKAGE_URL ""
| #define STDC_HEADERS 1
| #define HAVE_SYS_TYPES_H 1
| #define HAVE_SYS_STAT_H 1
| #define HAVE_STDLIB_H 1
| #define HAVE_STRING_H 1
| #define HAVE_MEMORY_H 1
| #define HAVE_STRINGS_H 1
| #define HAVE_INTTYPES_H 1
| #define HAVE_STDINT_H 1
| #define HAVE_UNISTD_H 1
| #define HAVE_CTYPE_H 1
| #define HAVE_ERRNO_H 1
| #define HAVE_FCNTL_H 1
| #define HAVE_LIMITS_H 1
| #define HAVE_STDIO_H 1
| #define HAVE_STDLIB_H 1
| #define HAVE_STRING_H 1
| #define HAVE_TERMCAP_H 1
| #define HAVE_TERMIO_H 1
| #define HAVE_TERMIOS_H 1
| #define HAVE_TIME_H 1
| #define HAVE_UNISTD_H 1
| #define HAVE_VALUES_H 1
| #define HAVE_SYS_IOCTL_H 1
| /* end confdefs.h.  */
| #include <sys/stream.h>
configure:4391: result: no
configure:4391: checking for sys/stream.h
configure:4391: result: no
configure:4391: checking wctype.h usability
configure:4391: icc -c -g -O2 -fdebug-prefix-map=/home/richard/debs/NONGIT/less/less-530=. -fstack-protector-strong -Wformat -Werror=format-security -march=native -pipe -Wall -Wdate-time -D_FORTIFY_SOURCE=2 conftest.c >&5
configure:4391: $? = 0
configure:4391: result: yes
configure:4391: checking wctype.h presence
configure:4391: icc -E -Wdate-time -D_FORTIFY_SOURCE=2 conftest.c
configure:4391: $? = 0
configure:4391: result: yes
configure:4391: checking for wctype.h
configure:4391: result: yes
configure:4403: checking whether stat file-mode macros are broken
configure:4430: icc -c -g -O2 -fdebug-prefix-map=/home/richard/debs/NONGIT/less/less-530=. -fstack-protector-strong -Wformat -Werror=format-security -march=native -pipe -Wall -Wdate-time -D_FORTIFY_SOURCE=2 conftest.c >&5
configure:4430: $? = 0
configure:4437: result: no
configure:4445: checking for an ANSI C-conforming const
configure:4511: icc -c -g -O2 -fdebug-prefix-map=/home/richard/debs/NONGIT/less/less-530=. -fstack-protector-strong -Wformat -Werror=format-security -march=native -pipe -Wall -Wdate-time -D_FORTIFY_SOURCE=2 conftest.c >&5
configure:4511: $? = 0
configure:4518: result: yes
configure:4526: checking for off_t
configure:4526: icc -c -g -O2 -fdebug-prefix-map=/home/richard/debs/NONGIT/less/less-530=. -fstack-protector-strong -Wformat -Werror=format-security -march=native -pipe -Wall -Wdate-time -D_FORTIFY_SOURCE=2 conftest.c >&5
configure:4526: $? = 0
configure:4526: icc -c -g -O2 -fdebug-prefix-map=/home/richard/debs/NONGIT/less/less-530=. -fstack-protector-strong -Wformat -Werror=format-security -march=native -pipe -Wall -Wdate-time -D_FORTIFY_SOURCE=2 conftest.c >&5
conftest.c(70): error: expected an expression
  if (sizeof ((off_t)))
                     ^

compilation aborted for conftest.c (code 2)
configure:4526: $? = 2
configure: failed program was:
| /* confdefs.h */
| #define PACKAGE_NAME "less"
| #define PACKAGE_TARNAME "less"
| #define PACKAGE_VERSION "1"
| #define PACKAGE_STRING "less 1"
| #define PACKAGE_BUGREPORT ""
| #define PACKAGE_URL ""
| #define STDC_HEADERS 1
| #define HAVE_SYS_TYPES_H 1
| #define HAVE_SYS_STAT_H 1
| #define HAVE_STDLIB_H 1
| #define HAVE_STRING_H 1
| #define HAVE_MEMORY_H 1
| #define HAVE_STRINGS_H 1
| #define HAVE_INTTYPES_H 1
| #define HAVE_STDINT_H 1
| #define HAVE_UNISTD_H 1
| #define HAVE_CTYPE_H 1
| #define HAVE_ERRNO_H 1
| #define HAVE_FCNTL_H 1
| #define HAVE_LIMITS_H 1
| #define HAVE_STDIO_H 1
| #define HAVE_STDLIB_H 1
| #define HAVE_STRING_H 1
| #define HAVE_TERMCAP_H 1
| #define HAVE_TERMIO_H 1
| #define HAVE_TERMIOS_H 1
| #define HAVE_TIME_H 1
| #define HAVE_UNISTD_H 1
| #define HAVE_VALUES_H 1
| #define HAVE_SYS_IOCTL_H 1
| #define HAVE_WCTYPE_H 1
| /* end confdefs.h.  */
| #include <stdio.h>
| #ifdef HAVE_SYS_TYPES_H
| # include <sys/types.h>
| #endif
| #ifdef HAVE_SYS_STAT_H
| # include <sys/stat.h>
| #endif
| #ifdef STDC_HEADERS
| # include <stdlib.h>
| # include <stddef.h>
| #else
| # ifdef HAVE_STDLIB_H
| #  include <stdlib.h>
| # endif
| #endif
| #ifdef HAVE_STRING_H
| # if !defined STDC_HEADERS && defined HAVE_MEMORY_H
| #  include <memory.h>
| # endif
| # include <string.h>
| #endif
| #ifdef HAVE_STRINGS_H
| # include <strings.h>
| #endif
| #ifdef HAVE_INTTYPES_H
| # include <inttypes.h>
| #endif
| #ifdef HAVE_STDINT_H
| # include <stdint.h>
| #endif
| #ifdef HAVE_UNISTD_H
| # include <unistd.h>
| #endif
| int
| main ()
| {
| if (sizeof ((off_t)))
| 	    return 0;
|   ;
|   return 0;
| }
configure:4526: result: yes
configure:4537: checking for size_t
configure:4537: icc -c -g -O2 -fdebug-prefix-map=/home/richard/debs/NONGIT/less/less-530=. -fstack-protector-strong -Wformat -Werror=format-security -march=native -pipe -Wall -Wdate-time -D_FORTIFY_SOURCE=2 conftest.c >&5
configure:4537: $? = 0
configure:4537: icc -c -g -O2 -fdebug-prefix-map=/home/richard/debs/NONGIT/less/less-530=. -fstack-protector-strong -Wformat -Werror=format-security -march=native -pipe -Wall -Wdate-time -D_FORTIFY_SOURCE=2 conftest.c >&5
conftest.c(70): error: expected an expression
  if (sizeof ((size_t)))
                      ^

compilation aborted for conftest.c (code 2)
configure:4537: $? = 2
configure: failed program was:
| /* confdefs.h */
| #define PACKAGE_NAME "less"
| #define PACKAGE_TARNAME "less"
| #define PACKAGE_VERSION "1"
| #define PACKAGE_STRING "less 1"
| #define PACKAGE_BUGREPORT ""
| #define PACKAGE_URL ""
| #define STDC_HEADERS 1
| #define HAVE_SYS_TYPES_H 1
| #define HAVE_SYS_STAT_H 1
| #define HAVE_STDLIB_H 1
| #define HAVE_STRING_H 1
| #define HAVE_MEMORY_H 1
| #define HAVE_STRINGS_H 1
| #define HAVE_INTTYPES_H 1
| #define HAVE_STDINT_H 1
| #define HAVE_UNISTD_H 1
| #define HAVE_CTYPE_H 1
| #define HAVE_ERRNO_H 1
| #define HAVE_FCNTL_H 1
| #define HAVE_LIMITS_H 1
| #define HAVE_STDIO_H 1
| #define HAVE_STDLIB_H 1
| #define HAVE_STRING_H 1
| #define HAVE_TERMCAP_H 1
| #define HAVE_TERMIO_H 1
| #define HAVE_TERMIOS_H 1
| #define HAVE_TIME_H 1
| #define HAVE_UNISTD_H 1
| #define HAVE_VALUES_H 1
| #define HAVE_SYS_IOCTL_H 1
| #define HAVE_WCTYPE_H 1
| /* end confdefs.h.  */
| #include <stdio.h>
| #ifdef HAVE_SYS_TYPES_H
| # include <sys/types.h>
| #endif
| #ifdef HAVE_SYS_STAT_H
| # include <sys/stat.h>
| #endif
| #ifdef STDC_HEADERS
| # include <stdlib.h>
| # include <stddef.h>
| #else
| # ifdef HAVE_STDLIB_H
| #  include <stdlib.h>
| # endif
| #endif
| #ifdef HAVE_STRING_H
| # if !defined STDC_HEADERS && defined HAVE_MEMORY_H
| #  include <memory.h>
| # endif
| # include <string.h>
| #endif
| #ifdef HAVE_STRINGS_H
| # include <strings.h>
| #endif
| #ifdef HAVE_INTTYPES_H
| # include <inttypes.h>
| #endif
| #ifdef HAVE_STDINT_H
| # include <stdint.h>
| #endif
| #ifdef HAVE_UNISTD_H
| # include <unistd.h>
| #endif
| int
| main ()
| {
| if (sizeof ((size_t)))
| 	    return 0;
|   ;
|   return 0;
| }
configure:4537: result: yes
configure:4548: checking whether time.h and sys/time.h may both be included
configure:4568: icc -c -g -O2 -fdebug-prefix-map=/home/richard/debs/NONGIT/less/less-530=. -fstack-protector-strong -Wformat -Werror=format-security -march=native -pipe -Wall -Wdate-time -D_FORTIFY_SOURCE=2 conftest.c >&5
configure:4568: $? = 0
configure:4575: result: yes
configure:4615: checking for off_t
configure:4615: result: yes
configure:4626: checking for void
configure:4639: icc -c -g -O2 -fdebug-prefix-map=/home/richard/debs/NONGIT/less/less-530=. -fstack-protector-strong -Wformat -Werror=format-security -march=native -pipe -Wall -Wdate-time -D_FORTIFY_SOURCE=2 conftest.c >&5
configure:4639: $? = 0
configure:4640: result: yes
configure:4648: checking for const
configure:4661: icc -c -g -O2 -fdebug-prefix-map=/home/richard/debs/NONGIT/less/less-530=. -fstack-protector-strong -Wformat -Werror=format-security -march=native -pipe -Wall -Wdate-time -D_FORTIFY_SOURCE=2 conftest.c >&5
configure:4661: $? = 0
configure:4662: result: yes
configure:4670: checking for time_t
configure:4683: icc -c -g -O2 -fdebug-prefix-map=/home/richard/debs/NONGIT/less/less-530=. -fstack-protector-strong -Wformat -Werror=format-security -march=native -pipe -Wall -Wdate-time -D_FORTIFY_SOURCE=2 conftest.c >&5
configure:4683: $? = 0
configure:4684: result: yes
configure:4692: checking for st_ino in struct stat
configure:4706: icc -c -g -O2 -fdebug-prefix-map=/home/richard/debs/NONGIT/less/less-530=. -fstack-protector-strong -Wformat -Werror=format-security -march=native -pipe -Wall -Wdate-time -D_FORTIFY_SOURCE=2 conftest.c >&5
configure:4706: $? = 0
configure:4707: result: yes
configure:4717: checking for ANSI function prototypes
configure:4730: icc -c -g -O2 -fdebug-prefix-map=/home/richard/debs/NONGIT/less/less-530=. -fstack-protector-strong -Wformat -Werror=format-security -march=native -pipe -Wall -Wdate-time -D_FORTIFY_SOURCE=2 conftest.c >&5
configure:4730: $? = 0
configure:4731: result: yes
configure:4741: checking return type of signal handlers
configure:4759: icc -c -g -O2 -fdebug-prefix-map=/home/richard/debs/NONGIT/less/less-530=. -fstack-protector-strong -Wformat -Werror=format-security -march=native -pipe -Wall -Wdate-time -D_FORTIFY_SOURCE=2 conftest.c >&5
conftest.c(46): error: operand of "*" must be a pointer
  return *(signal (0, 0)) (0) == 1;
          ^

compilation aborted for conftest.c (code 2)
configure:4759: $? = 2
configure: failed program was:
| /* confdefs.h */
| #define PACKAGE_NAME "less"
| #define PACKAGE_TARNAME "less"
| #define PACKAGE_VERSION "1"
| #define PACKAGE_STRING "less 1"
| #define PACKAGE_BUGREPORT ""
| #define PACKAGE_URL ""
| #define STDC_HEADERS 1
| #define HAVE_SYS_TYPES_H 1
| #define HAVE_SYS_STAT_H 1
| #define HAVE_STDLIB_H 1
| #define HAVE_STRING_H 1
| #define HAVE_MEMORY_H 1
| #define HAVE_STRINGS_H 1
| #define HAVE_INTTYPES_H 1
| #define HAVE_STDINT_H 1
| #define HAVE_UNISTD_H 1
| #define HAVE_CTYPE_H 1
| #define HAVE_ERRNO_H 1
| #define HAVE_FCNTL_H 1
| #define HAVE_LIMITS_H 1
| #define HAVE_STDIO_H 1
| #define HAVE_STDLIB_H 1
| #define HAVE_STRING_H 1
| #define HAVE_TERMCAP_H 1
| #define HAVE_TERMIO_H 1
| #define HAVE_TERMIOS_H 1
| #define HAVE_TIME_H 1
| #define HAVE_UNISTD_H 1
| #define HAVE_VALUES_H 1
| #define HAVE_SYS_IOCTL_H 1
| #define HAVE_WCTYPE_H 1
| #define TIME_WITH_SYS_TIME 1
| #define HAVE_VOID 1
| #define HAVE_CONST 1
| #define HAVE_TIME_T 1
| #define HAVE_STAT_INO 1
| #define HAVE_ANSI_PROTOS 1
| /* end confdefs.h.  */
| #include <sys/types.h>
| #include <signal.h>
| 
| int
| main ()
| {
| return *(signal (0, 0)) (0) == 1;
|   ;
|   return 0;
| }
configure:4766: result: void
configure:4777: checking for fsync
configure:4777: icc -o conftest -g -O2 -fdebug-prefix-map=/home/richard/debs/NONGIT/less/less-530=. -fstack-protector-strong -Wformat -Werror=format-security -march=native -pipe -Wall -Wdate-time -D_FORTIFY_SOURCE=2 -Wl,-z,relro -Wl,-z,now -Wl,--as-needed,--gc-sections,--print-gc-sections,--print-memory-usage,--stats conftest.c  -ltinfo >&5
Memory region         Used Size  Region Size  %age Used
ld: removing unused section '.rodata.cst4' in file '/usr/lib/gcc/x86_64-linux-gnu/8/../../../x86_64-linux-gnu/Scrt1.o'
ld: removing unused section '.data' in file '/usr/lib/gcc/x86_64-linux-gnu/8/../../../x86_64-linux-gnu/Scrt1.o'
ld: total time in link: 0.131510
configure:4777: $? = 0
configure:4777: result: yes
configure:4777: checking for popen
configure:4777: icc -o conftest -g -O2 -fdebug-prefix-map=/home/richard/debs/NONGIT/less/less-530=. -fstack-protector-strong -Wformat -Werror=format-security -march=native -pipe -Wall -Wdate-time -D_FORTIFY_SOURCE=2 -Wl,-z,relro -Wl,-z,now -Wl,--as-needed,--gc-sections,--print-gc-sections,--print-memory-usage,--stats conftest.c  -ltinfo >&5
Memory region         Used Size  Region Size  %age Used
ld: removing unused section '.rodata.cst4' in file '/usr/lib/gcc/x86_64-linux-gnu/8/../../../x86_64-linux-gnu/Scrt1.o'
ld: removing unused section '.data' in file '/usr/lib/gcc/x86_64-linux-gnu/8/../../../x86_64-linux-gnu/Scrt1.o'
ld: total time in link: 0.131085
configure:4777: $? = 0
configure:4777: result: yes
configure:4777: checking for _setjmp
configure:4777: icc -o conftest -g -O2 -fdebug-prefix-map=/home/richard/debs/NONGIT/less/less-530=. -fstack-protector-strong -Wformat -Werror=format-security -march=native -pipe -Wall -Wdate-time -D_FORTIFY_SOURCE=2 -Wl,-z,relro -Wl,-z,now -Wl,--as-needed,--gc-sections,--print-gc-sections,--print-memory-usage,--stats conftest.c  -ltinfo >&5
Memory region         Used Size  Region Size  %age Used
ld: removing unused section '.rodata.cst4' in file '/usr/lib/gcc/x86_64-linux-gnu/8/../../../x86_64-linux-gnu/Scrt1.o'
ld: removing unused section '.data' in file '/usr/lib/gcc/x86_64-linux-gnu/8/../../../x86_64-linux-gnu/Scrt1.o'
ld: total time in link: 0.129294
configure:4777: $? = 0
configure:4777: result: yes
configure:4777: checking for sigprocmask
configure:4777: icc -o conftest -g -O2 -fdebug-prefix-map=/home/richard/debs/NONGIT/less/less-530=. -fstack-protector-strong -Wformat -Werror=format-security -march=native -pipe -Wall -Wdate-time -D_FORTIFY_SOURCE=2 -Wl,-z,relro -Wl,-z,now -Wl,--as-needed,--gc-sections,--print-gc-sections,--print-memory-usage,--stats conftest.c  -ltinfo >&5
Memory region         Used Size  Region Size  %age Used
ld: removing unused section '.rodata.cst4' in file '/usr/lib/gcc/x86_64-linux-gnu/8/../../../x86_64-linux-gnu/Scrt1.o'
ld: removing unused section '.data' in file '/usr/lib/gcc/x86_64-linux-gnu/8/../../../x86_64-linux-gnu/Scrt1.o'
ld: total time in link: 0.134813
configure:4777: $? = 0
configure:4777: result: yes
configure:4777: checking for sigsetmask
configure:4777: icc -o conftest -g -O2 -fdebug-prefix-map=/home/richard/debs/NONGIT/less/less-530=. -fstack-protector-strong -Wformat -Werror=format-security -march=native -pipe -Wall -Wdate-time -D_FORTIFY_SOURCE=2 -Wl,-z,relro -Wl,-z,now -Wl,--as-needed,--gc-sections,--print-gc-sections,--print-memory-usage,--stats conftest.c  -ltinfo >&5
Memory region         Used Size  Region Size  %age Used
ld: removing unused section '.rodata.cst4' in file '/usr/lib/gcc/x86_64-linux-gnu/8/../../../x86_64-linux-gnu/Scrt1.o'
ld: removing unused section '.data' in file '/usr/lib/gcc/x86_64-linux-gnu/8/../../../x86_64-linux-gnu/Scrt1.o'
ld: total time in link: 0.136992
configure:4777: $? = 0
configure:4777: result: yes
configure:4777: checking for snprintf
configure:4777: icc -o conftest -g -O2 -fdebug-prefix-map=/home/richard/debs/NONGIT/less/less-530=. -fstack-protector-strong -Wformat -Werror=format-security -march=native -pipe -Wall -Wdate-time -D_FORTIFY_SOURCE=2 -Wl,-z,relro -Wl,-z,now -Wl,--as-needed,--gc-sections,--print-gc-sections,--print-memory-usage,--stats conftest.c  -ltinfo >&5
Memory region         Used Size  Region Size  %age Used
ld: removing unused section '.rodata.cst4' in file '/usr/lib/gcc/x86_64-linux-gnu/8/../../../x86_64-linux-gnu/Scrt1.o'
ld: removing unused section '.data' in file '/usr/lib/gcc/x86_64-linux-gnu/8/../../../x86_64-linux-gnu/Scrt1.o'
ld: total time in link: 0.132005
configure:4777: $? = 0
configure:4777: result: yes
configure:4777: checking for stat
configure:4777: icc -o conftest -g -O2 -fdebug-prefix-map=/home/richard/debs/NONGIT/less/less-530=. -fstack-protector-strong -Wformat -Werror=format-security -march=native -pipe -Wall -Wdate-time -D_FORTIFY_SOURCE=2 -Wl,-z,relro -Wl,-z,now -Wl,--as-needed,--gc-sections,--print-gc-sections,--print-memory-usage,--stats conftest.c  -ltinfo >&5
Memory region         Used Size  Region Size  %age Used
ld: removing unused section '.rodata.cst4' in file '/usr/lib/gcc/x86_64-linux-gnu/8/../../../x86_64-linux-gnu/Scrt1.o'
ld: removing unused section '.data' in file '/usr/lib/gcc/x86_64-linux-gnu/8/../../../x86_64-linux-gnu/Scrt1.o'
ld: total time in link: 0.134613
configure:4777: $? = 0
configure:4777: result: yes
configure:4777: checking for system
configure:4777: icc -o conftest -g -O2 -fdebug-prefix-map=/home/richard/debs/NONGIT/less/less-530=. -fstack-protector-strong -Wformat -Werror=format-security -march=native -pipe -Wall -Wdate-time -D_FORTIFY_SOURCE=2 -Wl,-z,relro -Wl,-z,now -Wl,--as-needed,--gc-sections,--print-gc-sections,--print-memory-usage,--stats conftest.c  -ltinfo >&5
Memory region         Used Size  Region Size  %age Used
ld: removing unused section '.rodata.cst4' in file '/usr/lib/gcc/x86_64-linux-gnu/8/../../../x86_64-linux-gnu/Scrt1.o'
ld: removing unused section '.data' in file '/usr/lib/gcc/x86_64-linux-gnu/8/../../../x86_64-linux-gnu/Scrt1.o'
ld: total time in link: 0.138348
configure:4777: $? = 0
configure:4777: result: yes
configure:4777: checking for fchmod
configure:4777: icc -o conftest -g -O2 -fdebug-prefix-map=/home/richard/debs/NONGIT/less/less-530=. -fstack-protector-strong -Wformat -Werror=format-security -march=native -pipe -Wall -Wdate-time -D_FORTIFY_SOURCE=2 -Wl,-z,relro -Wl,-z,now -Wl,--as-needed,--gc-sections,--print-gc-sections,--print-memory-usage,--stats conftest.c  -ltinfo >&5
Memory region         Used Size  Region Size  %age Used
ld: removing unused section '.rodata.cst4' in file '/usr/lib/gcc/x86_64-linux-gnu/8/../../../x86_64-linux-gnu/Scrt1.o'
ld: removing unused section '.data' in file '/usr/lib/gcc/x86_64-linux-gnu/8/../../../x86_64-linux-gnu/Scrt1.o'
ld: total time in link: 0.139848
configure:4777: $? = 0
configure:4777: result: yes
configure:4788: checking for memcpy
configure:4804: icc -o conftest -g -O2 -fdebug-prefix-map=/home/richard/debs/NONGIT/less/less-530=. -fstack-protector-strong -Wformat -Werror=format-security -march=native -pipe -Wall -Wdate-time -D_FORTIFY_SOURCE=2 -Wl,-z,relro -Wl,-z,now -Wl,--as-needed,--gc-sections,--print-gc-sections,--print-memory-usage,--stats conftest.c  -ltinfo >&5
Memory region         Used Size  Region Size  %age Used
conftest.c(57): warning #2193: null argument provided for parameter marked with attribute "nonnull"
  memcpy(0,0,0);
         ^

conftest.c(57): warning #2193: null argument provided for parameter marked with attribute "nonnull"
  memcpy(0,0,0);
           ^

ld: removing unused section '.rodata.cst4' in file '/usr/lib/gcc/x86_64-linux-gnu/8/../../../x86_64-linux-gnu/Scrt1.o'
ld: removing unused section '.data' in file '/usr/lib/gcc/x86_64-linux-gnu/8/../../../x86_64-linux-gnu/Scrt1.o'
ld: total time in link: 0.137834
configure:4804: $? = 0
configure:4805: result: yes
configure:4815: checking for strchr
configure:4831: icc -o conftest -g -O2 -fdebug-prefix-map=/home/richard/debs/NONGIT/less/less-530=. -fstack-protector-strong -Wformat -Werror=format-security -march=native -pipe -Wall -Wdate-time -D_FORTIFY_SOURCE=2 -Wl,-z,relro -Wl,-z,now -Wl,--as-needed,--gc-sections,--print-gc-sections,--print-memory-usage,--stats conftest.c  -ltinfo >&5
Memory region         Used Size  Region Size  %age Used
ld: removing unused section '.rodata.cst4' in file '/usr/lib/gcc/x86_64-linux-gnu/8/../../../x86_64-linux-gnu/Scrt1.o'
ld: removing unused section '.data' in file '/usr/lib/gcc/x86_64-linux-gnu/8/../../../x86_64-linux-gnu/Scrt1.o'
ld: total time in link: 0.138488
configure:4831: $? = 0
configure:4832: result: yes
configure:4842: checking for strstr
configure:4858: icc -o conftest -g -O2 -fdebug-prefix-map=/home/richard/debs/NONGIT/less/less-530=. -fstack-protector-strong -Wformat -Werror=format-security -march=native -pipe -Wall -Wdate-time -D_FORTIFY_SOURCE=2 -Wl,-z,relro -Wl,-z,now -Wl,--as-needed,--gc-sections,--print-gc-sections,--print-memory-usage,--stats conftest.c  -ltinfo >&5
Memory region         Used Size  Region Size  %age Used
ld: removing unused section '.rodata.cst4' in file '/usr/lib/gcc/x86_64-linux-gnu/8/../../../x86_64-linux-gnu/Scrt1.o'
ld: removing unused section '.data' in file '/usr/lib/gcc/x86_64-linux-gnu/8/../../../x86_64-linux-gnu/Scrt1.o'
ld: total time in link: 0.137969
configure:4858: $? = 0
configure:4859: result: yes
configure:4870: checking for tcgetattr
configure:4870: icc -o conftest -g -O2 -fdebug-prefix-map=/home/richard/debs/NONGIT/less/less-530=. -fstack-protector-strong -Wformat -Werror=format-security -march=native -pipe -Wall -Wdate-time -D_FORTIFY_SOURCE=2 -Wl,-z,relro -Wl,-z,now -Wl,--as-needed,--gc-sections,--print-gc-sections,--print-memory-usage,--stats conftest.c  -ltinfo >&5
Memory region         Used Size  Region Size  %age Used
ld: removing unused section '.rodata.cst4' in file '/usr/lib/gcc/x86_64-linux-gnu/8/../../../x86_64-linux-gnu/Scrt1.o'
ld: removing unused section '.data' in file '/usr/lib/gcc/x86_64-linux-gnu/8/../../../x86_64-linux-gnu/Scrt1.o'
ld: total time in link: 0.140325
configure:4870: $? = 0
configure:4870: result: yes
configure:4877: checking for fileno
configure:4893: icc -o conftest -g -O2 -fdebug-prefix-map=/home/richard/debs/NONGIT/less/less-530=. -fstack-protector-strong -Wformat -Werror=format-security -march=native -pipe -Wall -Wdate-time -D_FORTIFY_SOURCE=2 -Wl,-z,relro -Wl,-z,now -Wl,--as-needed,--gc-sections,--print-gc-sections,--print-memory-usage,--stats conftest.c  -ltinfo >&5
Memory region         Used Size  Region Size  %age Used
ld: removing unused section '.rodata.cst4' in file '/usr/lib/gcc/x86_64-linux-gnu/8/../../../x86_64-linux-gnu/Scrt1.o'
ld: removing unused section '.data' in file '/usr/lib/gcc/x86_64-linux-gnu/8/../../../x86_64-linux-gnu/Scrt1.o'
ld: total time in link: 0.135120
configure:4893: $? = 0
configure:4894: result: yes
configure:4904: checking for strerror
configure:4926: icc -o conftest -g -O2 -fdebug-prefix-map=/home/richard/debs/NONGIT/less/less-530=. -fstack-protector-strong -Wformat -Werror=format-security -march=native -pipe -Wall -Wdate-time -D_FORTIFY_SOURCE=2 -Wl,-z,relro -Wl,-z,now -Wl,--as-needed,--gc-sections,--print-gc-sections,--print-memory-usage,--stats conftest.c  -ltinfo >&5
Memory region         Used Size  Region Size  %age Used
ld: removing unused section '.rodata.cst4' in file '/usr/lib/gcc/x86_64-linux-gnu/8/../../../x86_64-linux-gnu/Scrt1.o'
ld: removing unused section '.data' in file '/usr/lib/gcc/x86_64-linux-gnu/8/../../../x86_64-linux-gnu/Scrt1.o'
ld: total time in link: 0.129686
configure:4926: $? = 0
configure:4927: result: yes
configure:4937: checking for sys_errlist
configure:4950: icc -o conftest -g -O2 -fdebug-prefix-map=/home/richard/debs/NONGIT/less/less-530=. -fstack-protector-strong -Wformat -Werror=format-security -march=native -pipe -Wall -Wdate-time -D_FORTIFY_SOURCE=2 -Wl,-z,relro -Wl,-z,now -Wl,--as-needed,--gc-sections,--print-gc-sections,--print-memory-usage,--stats conftest.c  -ltinfo >&5
Memory region         Used Size  Region Size  %age Used
ld: removing unused section '.rodata.cst4' in file '/usr/lib/gcc/x86_64-linux-gnu/8/../../../x86_64-linux-gnu/Scrt1.o'
ld: removing unused section '.data' in file '/usr/lib/gcc/x86_64-linux-gnu/8/../../../x86_64-linux-gnu/Scrt1.o'
ld: total time in link: 0.138530
configure:4950: $? = 0
configure:4951: result: yes
configure:4961: checking for sigset_t
configure:4961: icc -c -g -O2 -fdebug-prefix-map=/home/richard/debs/NONGIT/less/less-530=. -fstack-protector-strong -Wformat -Werror=format-security -march=native -pipe -Wall -Wdate-time -D_FORTIFY_SOURCE=2 conftest.c >&5
configure:4961: $? = 0
configure:4961: icc -c -g -O2 -fdebug-prefix-map=/home/richard/debs/NONGIT/less/less-530=. -fstack-protector-strong -Wformat -Werror=format-security -march=native -pipe -Wall -Wdate-time -D_FORTIFY_SOURCE=2 conftest.c >&5
conftest.c(62): error: expected an expression
  if (sizeof ((sigset_t)))
                        ^

compilation aborted for conftest.c (code 2)
configure:4961: $? = 2
configure: failed program was:
| /* confdefs.h */
| #define PACKAGE_NAME "less"
| #define PACKAGE_TARNAME "less"
| #define PACKAGE_VERSION "1"
| #define PACKAGE_STRING "less 1"
| #define PACKAGE_BUGREPORT ""
| #define PACKAGE_URL ""
| #define STDC_HEADERS 1
| #define HAVE_SYS_TYPES_H 1
| #define HAVE_SYS_STAT_H 1
| #define HAVE_STDLIB_H 1
| #define HAVE_STRING_H 1
| #define HAVE_MEMORY_H 1
| #define HAVE_STRINGS_H 1
| #define HAVE_INTTYPES_H 1
| #define HAVE_STDINT_H 1
| #define HAVE_UNISTD_H 1
| #define HAVE_CTYPE_H 1
| #define HAVE_ERRNO_H 1
| #define HAVE_FCNTL_H 1
| #define HAVE_LIMITS_H 1
| #define HAVE_STDIO_H 1
| #define HAVE_STDLIB_H 1
| #define HAVE_STRING_H 1
| #define HAVE_TERMCAP_H 1
| #define HAVE_TERMIO_H 1
| #define HAVE_TERMIOS_H 1
| #define HAVE_TIME_H 1
| #define HAVE_UNISTD_H 1
| #define HAVE_VALUES_H 1
| #define HAVE_SYS_IOCTL_H 1
| #define HAVE_WCTYPE_H 1
| #define TIME_WITH_SYS_TIME 1
| #define HAVE_VOID 1
| #define HAVE_CONST 1
| #define HAVE_TIME_T 1
| #define HAVE_STAT_INO 1
| #define HAVE_ANSI_PROTOS 1
| #define RETSIGTYPE void
| #define HAVE_FSYNC 1
| #define HAVE_POPEN 1
| #define HAVE__SETJMP 1
| #define HAVE_SIGPROCMASK 1
| #define HAVE_SIGSETMASK 1
| #define HAVE_SNPRINTF 1
| #define HAVE_STAT 1
| #define HAVE_SYSTEM 1
| #define HAVE_FCHMOD 1
| #define HAVE_MEMCPY 1
| #define HAVE_STRCHR 1
| #define HAVE_STRSTR 1
| #define HAVE_TERMIOS_FUNCS 1
| #define HAVE_FILENO 1
| #define HAVE_STRERROR 1
| #define HAVE_SYS_ERRLIST 1
| /* end confdefs.h.  */
| #include <signal.h>
| 
| int
| main ()
| {
| if (sizeof ((sigset_t)))
| 	    return 0;
|   ;
|   return 0;
| }
configure:4961: result: yes
configure:4973: checking for sigemptyset
configure:4988: icc -o conftest -g -O2 -fdebug-prefix-map=/home/richard/debs/NONGIT/less/less-530=. -fstack-protector-strong -Wformat -Werror=format-security -march=native -pipe -Wall -Wdate-time -D_FORTIFY_SOURCE=2 -Wl,-z,relro -Wl,-z,now -Wl,--as-needed,--gc-sections,--print-gc-sections,--print-memory-usage,--stats conftest.c  -ltinfo >&5
Memory region         Used Size  Region Size  %age Used
ld: removing unused section '.rodata.cst4' in file '/usr/lib/gcc/x86_64-linux-gnu/8/../../../x86_64-linux-gnu/Scrt1.o'
ld: removing unused section '.data' in file '/usr/lib/gcc/x86_64-linux-gnu/8/../../../x86_64-linux-gnu/Scrt1.o'
ld: total time in link: 0.130288
configure:4988: $? = 0
configure:4989: result: yes
configure:5000: checking for errno
configure:5016: icc -o conftest -g -O2 -fdebug-prefix-map=/home/richard/debs/NONGIT/less/less-530=. -fstack-protector-strong -Wformat -Werror=format-security -march=native -pipe -Wall -Wdate-time -D_FORTIFY_SOURCE=2 -Wl,-z,relro -Wl,-z,now -Wl,--as-needed,--gc-sections,--print-gc-sections,--print-memory-usage,--stats conftest.c  -ltinfo >&5
Memory region         Used Size  Region Size  %age Used
ld: removing unused section '.rodata.cst4' in file '/usr/lib/gcc/x86_64-linux-gnu/8/../../../x86_64-linux-gnu/Scrt1.o'
ld: removing unused section '.data' in file '/usr/lib/gcc/x86_64-linux-gnu/8/../../../x86_64-linux-gnu/Scrt1.o'
ld: total time in link: 0.136032
configure:5016: $? = 0
configure:5017: result: yes - in errno.h
configure:5051: checking for locale
configure:5066: icc -o conftest -g -O2 -fdebug-prefix-map=/home/richard/debs/NONGIT/less/less-530=. -fstack-protector-strong -Wformat -Werror=format-security -march=native -pipe -Wall -Wdate-time -D_FORTIFY_SOURCE=2 -Wl,-z,relro -Wl,-z,now -Wl,--as-needed,--gc-sections,--print-gc-sections,--print-memory-usage,--stats conftest.c  -ltinfo >&5
Memory region         Used Size  Region Size  %age Used
ld: removing unused section '.rodata.cst4' in file '/usr/lib/gcc/x86_64-linux-gnu/8/../../../x86_64-linux-gnu/Scrt1.o'
ld: removing unused section '.data' in file '/usr/lib/gcc/x86_64-linux-gnu/8/../../../x86_64-linux-gnu/Scrt1.o'
ld: total time in link: 0.131439
configure:5066: $? = 0
configure:5067: result: yes
configure:5077: checking for ctype functions
configure:5093: icc -o conftest -g -O2 -fdebug-prefix-map=/home/richard/debs/NONGIT/less/less-530=. -fstack-protector-strong -Wformat -Werror=format-security -march=native -pipe -Wall -Wdate-time -D_FORTIFY_SOURCE=2 -Wl,-z,relro -Wl,-z,now -Wl,--as-needed,--gc-sections,--print-gc-sections,--print-memory-usage,--stats conftest.c  -ltinfo >&5
Memory region         Used Size  Region Size  %age Used
ld: removing unused section '.rodata.cst4' in file '/usr/lib/gcc/x86_64-linux-gnu/8/../../../x86_64-linux-gnu/Scrt1.o'
ld: removing unused section '.data' in file '/usr/lib/gcc/x86_64-linux-gnu/8/../../../x86_64-linux-gnu/Scrt1.o'
ld: total time in link: 0.127053
configure:5093: $? = 0
configure:5094: result: yes
configure:5104: checking for wctype functions
configure:5117: icc -o conftest -g -O2 -fdebug-prefix-map=/home/richard/debs/NONGIT/less/less-530=. -fstack-protector-strong -Wformat -Werror=format-security -march=native -pipe -Wall -Wdate-time -D_FORTIFY_SOURCE=2 -Wl,-z,relro -Wl,-z,now -Wl,--as-needed,--gc-sections,--print-gc-sections,--print-memory-usage,--stats conftest.c  -ltinfo >&5
Memory region         Used Size  Region Size  %age Used
ld: removing unused section '.rodata.cst4' in file '/usr/lib/gcc/x86_64-linux-gnu/8/../../../x86_64-linux-gnu/Scrt1.o'
ld: removing unused section '.data' in file '/usr/lib/gcc/x86_64-linux-gnu/8/../../../x86_64-linux-gnu/Scrt1.o'
ld: total time in link: 0.133398
configure:5117: $? = 0
configure:5118: result: yes
configure:5130: checking termcap for ospeed
configure:5150: icc -o conftest -g -O2 -fdebug-prefix-map=/home/richard/debs/NONGIT/less/less-530=. -fstack-protector-strong -Wformat -Werror=format-security -march=native -pipe -Wall -Wdate-time -D_FORTIFY_SOURCE=2 -Wl,-z,relro -Wl,-z,now -Wl,--as-needed,--gc-sections,--print-gc-sections,--print-memory-usage,--stats conftest.c  -ltinfo >&5
Memory region         Used Size  Region Size  %age Used
ld: removing unused section '.rodata.cst4' in file '/usr/lib/gcc/x86_64-linux-gnu/8/../../../x86_64-linux-gnu/Scrt1.o'
ld: removing unused section '.data' in file '/usr/lib/gcc/x86_64-linux-gnu/8/../../../x86_64-linux-gnu/Scrt1.o'
ld: total time in link: 0.131152
configure:5150: $? = 0
configure:5151: result: yes - in termcap.h
configure:5195: checking for floating point
configure:5217: icc -o conftest -g -O2 -fdebug-prefix-map=/home/richard/debs/NONGIT/less/less-530=. -fstack-protector-strong -Wformat -Werror=format-security -march=native -pipe -Wall -Wdate-time -D_FORTIFY_SOURCE=2 -Wl,-z,relro -Wl,-z,now -Wl,--as-needed,--gc-sections,--print-gc-sections,--print-memory-usage,--stats conftest.c  -ltinfo >&5
Memory region         Used Size  Region Size  %age Used
ld: removing unused section '.rodata.cst4' in file '/usr/lib/gcc/x86_64-linux-gnu/8/../../../x86_64-linux-gnu/Scrt1.o'
ld: removing unused section '.data' in file '/usr/lib/gcc/x86_64-linux-gnu/8/../../../x86_64-linux-gnu/Scrt1.o'
ld: total time in link: 0.127496
configure:5217: $? = 0
configure:5218: result: yes
configure:5362: checking for re_compile_pattern in -lc
configure:5387: icc -o conftest -g -O2 -fdebug-prefix-map=/home/richard/debs/NONGIT/less/less-530=. -fstack-protector-strong -Wformat -Werror=format-security -march=native -pipe -Wall -Wdate-time -D_FORTIFY_SOURCE=2 -Wl,-z,relro -Wl,-z,now -Wl,--as-needed,--gc-sections,--print-gc-sections,--print-memory-usage,--stats conftest.c -lc   -ltinfo >&5
Memory region         Used Size  Region Size  %age Used
ld: removing unused section '.rodata.cst4' in file '/usr/lib/gcc/x86_64-linux-gnu/8/../../../x86_64-linux-gnu/Scrt1.o'
ld: removing unused section '.data' in file '/usr/lib/gcc/x86_64-linux-gnu/8/../../../x86_64-linux-gnu/Scrt1.o'
ld: total time in link: 0.153201
configure:5387: $? = 0
configure:5396: result: yes
configure:5482: result: regular expression library:  gnu
configure:5616: creating ./config.status

## ---------------------- ##
## Running config.status. ##
## ---------------------- ##

This file was extended by less config.status 1, which was
generated by GNU Autoconf 2.69.  Invocation command line was

  CONFIG_FILES    = 
  CONFIG_HEADERS  = 
  CONFIG_LINKS    = 
  CONFIG_COMMANDS = 
  $ ./config.status 

on server

config.status:852: creating Makefile
config.status:852: creating defines.h

## ---------------- ##
## Cache variables. ##
## ---------------- ##

ac_cv_c_compiler_gnu=yes
ac_cv_c_const=yes
ac_cv_env_CC_set=set
ac_cv_env_CC_value=icc
ac_cv_env_CFLAGS_set=set
ac_cv_env_CFLAGS_value='-g -O2 -fdebug-prefix-map=/home/richard/debs/NONGIT/less/less-530=. -fstack-protector-strong -Wformat -Werror=format-security -march=native -pipe -Wall'
ac_cv_env_CPPFLAGS_set=set
ac_cv_env_CPPFLAGS_value='-Wdate-time -D_FORTIFY_SOURCE=2'
ac_cv_env_CPP_set=
ac_cv_env_CPP_value=
ac_cv_env_LDFLAGS_set=set
ac_cv_env_LDFLAGS_value='-Wl,-z,relro -Wl,-z,now -Wl,--as-needed,--gc-sections,--print-gc-sections,--print-memory-usage,--stats'
ac_cv_env_LIBS_set=
ac_cv_env_LIBS_value=
ac_cv_env_build_alias_set=
ac_cv_env_build_alias_value=
ac_cv_env_host_alias_set=
ac_cv_env_host_alias_value=
ac_cv_env_target_alias_set=
ac_cv_env_target_alias_value=
ac_cv_func__setjmp=yes
ac_cv_func_fchmod=yes
ac_cv_func_fsync=yes
ac_cv_func_popen=yes
ac_cv_func_sigprocmask=yes
ac_cv_func_sigsetmask=yes
ac_cv_func_snprintf=yes
ac_cv_func_stat=yes
ac_cv_func_system=yes
ac_cv_func_tcgetattr=yes
ac_cv_header_ctype_h=yes
ac_cv_header_errno_h=yes
ac_cv_header_fcntl_h=yes
ac_cv_header_inttypes_h=yes
ac_cv_header_limits_h=yes
ac_cv_header_memory_h=yes
ac_cv_header_stat_broken=no
ac_cv_header_stdc=yes
ac_cv_header_stdint_h=yes
ac_cv_header_stdio_h=yes
ac_cv_header_stdlib_h=yes
ac_cv_header_string_h=yes
ac_cv_header_strings_h=yes
ac_cv_header_sys_ioctl_h=yes
ac_cv_header_sys_stat_h=yes
ac_cv_header_sys_stream_h=no
ac_cv_header_sys_types_h=yes
ac_cv_header_termcap_h=yes
ac_cv_header_termio_h=yes
ac_cv_header_termios_h=yes
ac_cv_header_time=yes
ac_cv_header_time_h=yes
ac_cv_header_unistd_h=yes
ac_cv_header_values_h=yes
ac_cv_header_wctype_h=yes
ac_cv_lib_c_re_compile_pattern=yes
ac_cv_lib_curses_initscr=yes
ac_cv_lib_ncurses_initscr=yes
ac_cv_lib_ncursesw_initscr=yes
ac_cv_lib_termcap_tgetent=yes
ac_cv_lib_termlib_tgetent=no
ac_cv_lib_tinfo_tgoto=yes
ac_cv_lib_xcurses_initscr=no
ac_cv_objext=o
ac_cv_path_EGREP='/bin/grep -E'
ac_cv_path_GREP=/bin/grep
ac_cv_path_install='/usr/bin/install -c'
ac_cv_prog_CPP='icc -E'
ac_cv_prog_ac_ct_CC=icc
ac_cv_prog_cc_c89=
ac_cv_prog_cc_g=yes
ac_cv_prog_gcc_traditional=no
ac_cv_search_regcmp=no
ac_cv_search_strerror='none required'
ac_cv_sys_file_offset_bits=no
ac_cv_sys_largefile_CC=no
ac_cv_type_off_t=yes
ac_cv_type_signal=void
ac_cv_type_sigset_t=yes
ac_cv_type_size_t=yes

## ----------------- ##
## Output variables. ##
## ----------------- ##

CC='icc'
CFLAGS='-g -O2 -fdebug-prefix-map=/home/richard/debs/NONGIT/less/less-530=. -fstack-protector-strong -Wformat -Werror=format-security -march=native -pipe -Wall'
CPP='icc -E'
CPPFLAGS='-Wdate-time -D_FORTIFY_SOURCE=2'
DEFS='-DHAVE_CONFIG_H'
ECHO_C=''
ECHO_N='-n'
ECHO_T=''
EGREP='/bin/grep -E'
EXEEXT=''
GREP='/bin/grep'
INSTALL_DATA='${INSTALL} -m 644'
INSTALL_PROGRAM='${INSTALL}'
INSTALL_SCRIPT='${INSTALL}'
LDFLAGS='-Wl,-z,relro -Wl,-z,now -Wl,--as-needed,--gc-sections,--print-gc-sections,--print-memory-usage,--stats'
LIBOBJS=''
LIBS=' -ltinfo'
LTLIBOBJS=''
OBJEXT='o'
PACKAGE_BUGREPORT=''
PACKAGE_NAME='less'
PACKAGE_STRING='less 1'
PACKAGE_TARNAME='less'
PACKAGE_URL=''
PACKAGE_VERSION='1'
PATH_SEPARATOR=':'
REGEX_O=''
SHELL='/bin/bash'
ac_ct_CC='icc'
bindir='${exec_prefix}/bin'
build_alias=''
datadir='${datarootdir}'
datarootdir='${prefix}/share'
docdir='${datarootdir}/doc/${PACKAGE_TARNAME}'
dvidir='${docdir}'
exec_prefix='${prefix}'
host_alias=''
htmldir='${docdir}'
includedir='${prefix}/include'
infodir='${datarootdir}/info'
libdir='${exec_prefix}/lib'
libexecdir='${exec_prefix}/libexec'
localedir='${datarootdir}/locale'
localstatedir='${prefix}/var'
mandir='/home/richard/debs/NONGIT/less/less-530/debian/less/usr/share/man'
oldincludedir='/usr/include'
pdfdir='${docdir}'
prefix='/usr'
program_transform_name='s,x,x,'
psdir='${docdir}'
sbindir='${exec_prefix}/sbin'
sharedstatedir='${prefix}/com'
sysconfdir='/etc'
target_alias=''

## ----------- ##
## confdefs.h. ##
## ----------- ##

/* confdefs.h */
#define PACKAGE_NAME "less"
#define PACKAGE_TARNAME "less"
#define PACKAGE_VERSION "1"
#define PACKAGE_STRING "less 1"
#define PACKAGE_BUGREPORT ""
#define PACKAGE_URL ""
#define STDC_HEADERS 1
#define HAVE_SYS_TYPES_H 1
#define HAVE_SYS_STAT_H 1
#define HAVE_STDLIB_H 1
#define HAVE_STRING_H 1
#define HAVE_MEMORY_H 1
#define HAVE_STRINGS_H 1
#define HAVE_INTTYPES_H 1
#define HAVE_STDINT_H 1
#define HAVE_UNISTD_H 1
#define HAVE_CTYPE_H 1
#define HAVE_ERRNO_H 1
#define HAVE_FCNTL_H 1
#define HAVE_LIMITS_H 1
#define HAVE_STDIO_H 1
#define HAVE_STDLIB_H 1
#define HAVE_STRING_H 1
#define HAVE_TERMCAP_H 1
#define HAVE_TERMIO_H 1
#define HAVE_TERMIOS_H 1
#define HAVE_TIME_H 1
#define HAVE_UNISTD_H 1
#define HAVE_VALUES_H 1
#define HAVE_SYS_IOCTL_H 1
#define HAVE_WCTYPE_H 1
#define TIME_WITH_SYS_TIME 1
#define HAVE_VOID 1
#define HAVE_CONST 1
#define HAVE_TIME_T 1
#define HAVE_STAT_INO 1
#define HAVE_ANSI_PROTOS 1
#define RETSIGTYPE void
#define HAVE_FSYNC 1
#define HAVE_POPEN 1
#define HAVE__SETJMP 1
#define HAVE_SIGPROCMASK 1
#define HAVE_SIGSETMASK 1
#define HAVE_SNPRINTF 1
#define HAVE_STAT 1
#define HAVE_SYSTEM 1
#define HAVE_FCHMOD 1
#define HAVE_MEMCPY 1
#define HAVE_STRCHR 1
#define HAVE_STRSTR 1
#define HAVE_TERMIOS_FUNCS 1
#define HAVE_FILENO 1
#define HAVE_STRERROR 1
#define HAVE_SYS_ERRLIST 1
#define HAVE_SIGSET_T 1
#define HAVE_SIGEMPTYSET 1
#define HAVE_ERRNO 1
#define HAVE_LOCALE 1
#define HAVE_UPPER_LOWER 1
#define HAVE_WCTYPE 1
#define HAVE_OSPEED 1
#define SECURE_COMPILE 0
#define HAVE_FLOAT 1
#define HAVE_GNU_REGEX 1
#define EDIT_PGM "/usr/bin/editor"

configure: exit 0
